
2022-08-27 14:19:51  LOGIN SUCCESSFUL mtrezzi
2022-08-27 14:20:25  LOGIN SUCCESSFUL aaa
2022-08-27 14:20:33  CHANGED STATUS WS-DAILY-BPO-MEDIOB FASE1 1
2022-08-27 14:22:34  CHANGED STATUS aaa BPO_KAIROS_WF_DAILY JOB1 1
2022-08-27 14:24:21  LOGIN SUCCESSFUL admin
2022-08-28 14:37:05  LOGIN SUCCESSFUL admin
2022-08-29 8:28:22  LOGIN SUCCESSFUL aaa
2022-08-29 8:28:43  CHANGED STATUS aaa WS-DAILY-BPO-MEDIOB FASE1 0
2022-08-29 8:28:53  CHANGED STATUS aaa BPO_KAIROS_WF_DAILY JOB1 0
2022-08-29 8:29:16  LOGIN SUCCESSFUL admin
2022-08-29 8:29:52  LOGIN SUCCESSFUL kairos
2022-08-29 8:30:30  LOGIN SUCCESSFUL admin
2022-08-29 9:43:05  LOGIN UNSUCCESSFUL mtrezzi
2022-08-29 9:44:15  LOGIN UNSUCCESSFUL mtrezzi
2022-08-29 9:44:33  LOGIN UNSUCCESSFUL mtrezzi
2022-08-29 9:44:39  LOGIN UNSUCCESSFUL mtrezzi
2022-08-29 9:44:49  LOGIN SUCCESSFUL admin
2022-08-29 9:45:09  API LOGIN SUCCESSFUL mtrezzi
2022-08-29 9:45:15  CHANGED STATUS mtrezzi WS-DAILY-BPO-BPER FASE1 1
2022-08-29 9:45:17  CHANGED STATUS mtrezzi WS-DAILY-BPO-BPER FASE2 1
2022-08-29 9:45:19  CHANGED STATUS mtrezzi WS-DAILY-BPO-BPER FASE3 1
2022-08-29 9:45:21  CHANGED STATUS mtrezzi WS-DAILY-BPO-BPER FASE5 1
2022-08-29 9:45:23  CHANGED STATUS mtrezzi WS-DAILY-BPO-BPER FASE6 1
2022-08-29 9:45:25  CHANGED STATUS mtrezzi WS-DAILY-BPO-BPER FASE4 1
2022-08-29 9:45:29  CHANGED STATUS mtrezzi BPO_KAIROS_WF_DAILY JOB1 1
2022-08-29 9:45:31  CHANGED STATUS mtrezzi BPO_KAIROS_WF_DAILY JOB2 1
2022-08-29 9:45:33  CHANGED STATUS mtrezzi BPO_KAIROS_WF_DAILY JOB3 1
2022-08-29 9:45:34  LOGIN UNSUCCESSFUL mtrezzi
2022-08-29 9:45:36  CHANGED STATUS mtrezzi BPO_KAIROS_WF_DAILY JOB4 1
2022-08-29 9:45:40  CHANGED STATUS mtrezzi WS-DAILY-BPO-MEDIOB FASE1 1
2022-08-29 9:45:42  CHANGED STATUS mtrezzi WS-DAILY-BPO-MEDIOB FASE2 1
2022-08-29 9:45:44  CHANGED STATUS mtrezzi WS-DAILY-BPO-MEDIOB FASE3 1
2022-08-29 9:45:46  CHANGED STATUS mtrezzi WS-DAILY-BPO-MEDIOB FASE5 1
2022-08-29 9:45:47  LOGIN SUCCESSFUL admin
2022-08-29 9:45:48  CHANGED STATUS mtrezzi WS-DAILY-BPO-MEDIOB FASE6 1
2022-08-29 9:45:50  CHANGED STATUS mtrezzi WS-DAILY-BPO-MEDIOB FASE4 1
2022-08-29 9:45:54  CHANGED STATUS mtrezzi BPER JOB1 1
2022-08-29 9:45:56  CHANGED STATUS mtrezzi BPER JOB2 1
2022-08-29 9:45:58  CHANGED STATUS mtrezzi BPER JOB3 1
2022-08-29 9:46:00  CHANGED STATUS mtrezzi BPER JOB4 1
2022-08-29 9:46:47  LOGIN UNSUCCESSFUL mtrezzi
2022-08-29 9:47:13  LOGIN SUCCESSFUL mtrezzi
2022-08-29 9:47:52  LOGIN SUCCESSFUL admin
